build/app/intermediates/manifest_merge_blame_file/debug/manifest-merger-blame-debug-report.txt
1<?xml version="1.0" encoding="utf-8"?>
2<manifest xmlns:android="http://schemas.android.com/apk/res/android"
3    package="com.edsy.school_apps"
4    android:versionCode="6"
5    android:versionName="1.0.0" >
6
7    <uses-sdk
8        android:minSdkVersion="19"
9        android:targetSdkVersion="30" />
10    <!--
11         Flutter needs it to communicate with the running application
12         to allow setting breakpoints, to provide hot reload, etc.
13    -->
14    <uses-permission android:name="android.permission.INTERNET" />
14-->src/main/AndroidManifest.xml:4:5-66
14-->src/main/AndroidManifest.xml:4:22-64
15    <uses-permission android:name="android.permission.ACCESS_NETWORK_STATE" />
15-->src/main/AndroidManifest.xml:5:5-78
15-->src/main/AndroidManifest.xml:5:22-76
16    <uses-permission android:name="android.permission.READ_INTERNAL_STORAGE" />
16-->src/main/AndroidManifest.xml:6:5-80
16-->src/main/AndroidManifest.xml:6:22-77
17    <uses-permission android:name="android.permission.WRITE_EXTERNAL_STORAGE" />
17-->src/main/AndroidManifest.xml:7:5-81
17-->src/main/AndroidManifest.xml:7:22-78
18    <uses-permission android:name="android.permission.READ_EXTERNAL_STORAGE" />
18-->src/main/AndroidManifest.xml:8:5-80
18-->src/main/AndroidManifest.xml:8:22-77
19    <uses-permission android:name="android.permission.ACCESS_MEDIA_LOCATION" />
19-->src/main/AndroidManifest.xml:9:5-80
19-->src/main/AndroidManifest.xml:9:22-77
20
21    <queries>
21-->src/main/AndroidManifest.xml:58:5-79:15
22
23        <!-- If your app opens https URLs -->
24        <intent>
24-->src/main/AndroidManifest.xml:60:9-63:18
25            <action android:name="android.intent.action.VIEW" />
25-->src/main/AndroidManifest.xml:42:17-69
25-->src/main/AndroidManifest.xml:42:25-66
26
27            <data android:scheme="https" />
27-->src/main/AndroidManifest.xml:45:17-88
27-->src/main/AndroidManifest.xml:45:23-45
28        </intent>
29        <!-- If your app makes calls -->
30        <intent>
30-->src/main/AndroidManifest.xml:65:9-68:18
31            <action android:name="android.intent.action.DIAL" />
31-->src/main/AndroidManifest.xml:66:13-65
31-->src/main/AndroidManifest.xml:66:21-62
32
33            <data android:scheme="tel" />
33-->src/main/AndroidManifest.xml:45:17-88
33-->src/main/AndroidManifest.xml:45:23-45
34        </intent>
35        <!-- If your sends SMS messages -->
36        <intent>
36-->src/main/AndroidManifest.xml:70:9-73:18
37            <action android:name="android.intent.action.SENDTO" />
37-->src/main/AndroidManifest.xml:71:13-67
37-->src/main/AndroidManifest.xml:71:21-64
38
39            <data android:scheme="smsto" />
39-->src/main/AndroidManifest.xml:45:17-88
39-->src/main/AndroidManifest.xml:45:23-45
40        </intent>
41        <!-- If your app sends emails -->
42        <intent>
42-->src/main/AndroidManifest.xml:75:9-78:18
43            <action android:name="android.intent.action.SEND" />
43-->src/main/AndroidManifest.xml:76:13-65
43-->src/main/AndroidManifest.xml:76:21-62
44
45            <data android:mimeType="*/*" />
45-->src/main/AndroidManifest.xml:45:17-88
46        </intent>
47        <intent>
47-->[:flutter_inappwebview] AndroidManifest.xml:8:9-10:18
48            <action android:name="android.support.customtabs.action.CustomTabsService" />
48-->[:flutter_inappwebview] AndroidManifest.xml:9:13-90
48-->[:flutter_inappwebview] AndroidManifest.xml:9:21-87
49        </intent>
50    </queries>
51
52    <uses-permission android:name="android.permission.WAKE_LOCK" />
52-->[:firebase_messaging] AndroidManifest.xml:8:5-68
52-->[:firebase_messaging] AndroidManifest.xml:8:22-65
53    <uses-permission android:name="android.permission.RECEIVE_BOOT_COMPLETED" />
53-->[:flutter_local_notifications] AndroidManifest.xml:7:5-81
53-->[:flutter_local_notifications] AndroidManifest.xml:7:22-78
54    <uses-permission android:name="android.permission.VIBRATE" />
54-->[:flutter_local_notifications] AndroidManifest.xml:8:5-66
54-->[:flutter_local_notifications] AndroidManifest.xml:8:22-63
55    <uses-permission android:name="android.permission.USE_FULL_SCREEN_INTENT" /> <!-- Required by older versions of Google Play services to create IID tokens -->
55-->[:flutter_local_notifications] AndroidManifest.xml:9:5-81
55-->[:flutter_local_notifications] AndroidManifest.xml:9:22-78
56    <uses-permission android:name="com.google.android.c2dm.permission.RECEIVE" />
56-->[com.google.firebase:firebase-iid:21.1.0] AndroidManifest.xml:26:5-82
56-->[com.google.firebase:firebase-iid:21.1.0] AndroidManifest.xml:26:22-79
57    <uses-permission android:name="com.google.android.gms.permission.AD_ID" />
57-->[com.google.android.gms:play-services-measurement-api:21.0.0] AndroidManifest.xml:25:5-79
57-->[com.google.android.gms:play-services-measurement-api:21.0.0] AndroidManifest.xml:25:22-76
58    <uses-permission android:name="com.google.android.finsky.permission.BIND_GET_INSTALL_REFERRER_SERVICE" /> <!-- Permission will be merged into the manifest of the hosting app. -->
58-->[com.google.android.gms:play-services-measurement:21.0.0] AndroidManifest.xml:26:5-110
58-->[com.google.android.gms:play-services-measurement:21.0.0] AndroidManifest.xml:26:22-107
59    <!-- Is required to launch foreground extraction service for targetSdkVersion 28+. -->
60    <uses-permission android:name="android.permission.FOREGROUND_SERVICE" /> <!-- <uses-permission android:name="android.permission.MANAGE_EXTERNAL_STORAGE" /> -->
60-->[com.google.android.play:core:1.10.3] AndroidManifest.xml:13:5-77
60-->[com.google.android.play:core:1.10.3] AndroidManifest.xml:13:22-74
61    <!-- <uses-permission android:name="android.permission.ACTION_MANAGE_WRITE_SETTINGS" /> -->
62    <application
62-->src/main/AndroidManifest.xml:12:5-57:19
63        android:name="androidx.multidex.MultiDexApplication"
64        android:appComponentFactory="androidx.core.app.CoreComponentFactory"
64-->[androidx.core:core:1.6.0] AndroidManifest.xml:24:18-86
65        android:debuggable="true"
66        android:icon="@mipmap/launcher_icon"
66-->src/main/AndroidManifest.xml:16:9-45
67        android:label="EDSY"
67-->src/main/AndroidManifest.xml:13:9-29
68        android:requestLegacyExternalStorage="true"
68-->src/main/AndroidManifest.xml:14:9-52
69        android:usesCleartextTraffic="true" >
69-->src/main/AndroidManifest.xml:15:9-44
70        <activity
70-->src/main/AndroidManifest.xml:17:9-48:20
71            android:name="com.example.school_apps.MainActivity"
71-->src/main/AndroidManifest.xml:18:13-41
72            android:configChanges="orientation|keyboardHidden|keyboard|screenSize|smallestScreenSize|locale|layoutDirection|fontScale|screenLayout|density|uiMode"
72-->src/main/AndroidManifest.xml:21:13-163
73            android:exported="true"
73-->src/main/AndroidManifest.xml:24:13-36
74            android:hardwareAccelerated="true"
74-->src/main/AndroidManifest.xml:22:13-47
75            android:launchMode="singleTask"
75-->src/main/AndroidManifest.xml:19:13-44
76            android:theme="@style/LaunchTheme"
76-->src/main/AndroidManifest.xml:20:13-47
77            android:usesCleartextTraffic="true"
77-->src/main/AndroidManifest.xml:23:13-48
78            android:windowSoftInputMode="adjustResize" >
78-->src/main/AndroidManifest.xml:25:13-55
79
80            <!--
81                 Specifies an Android theme to apply to this Activity as soon as
82                 the Android process has started. This theme is visible to the user
83                 while the Flutter UI initializes. After that, this theme continues
84                 to determine the Window background behind the Flutter UI.
85            -->
86            <meta-data
86-->src/main/AndroidManifest.xml:30:13-33:17
87                android:name="io.flutter.embedding.android.NormalTheme"
87-->src/main/AndroidManifest.xml:31:15-70
88                android:resource="@style/NormalTheme" />
88-->src/main/AndroidManifest.xml:32:15-52
89
90            <intent-filter>
90-->src/main/AndroidManifest.xml:34:13-37:29
91                <action android:name="android.intent.action.MAIN" />
91-->src/main/AndroidManifest.xml:35:17-68
91-->src/main/AndroidManifest.xml:35:25-66
92
93                <category android:name="android.intent.category.LAUNCHER" />
93-->src/main/AndroidManifest.xml:36:17-76
93-->src/main/AndroidManifest.xml:36:27-74
94            </intent-filter>
95
96            <!-- Deep linking -->
97            <meta-data
97-->src/main/AndroidManifest.xml:40:13-90
98                android:name="flutter_deeplinking_enabled"
98-->src/main/AndroidManifest.xml:40:24-66
99                android:value="true" />
99-->src/main/AndroidManifest.xml:40:67-87
100
101            <intent-filter android:autoVerify="true" >
101-->src/main/AndroidManifest.xml:41:13-47:29
101-->src/main/AndroidManifest.xml:41:28-53
102                <action android:name="android.intent.action.VIEW" />
102-->src/main/AndroidManifest.xml:42:17-69
102-->src/main/AndroidManifest.xml:42:25-66
103
104                <category android:name="android.intent.category.DEFAULT" />
104-->src/main/AndroidManifest.xml:43:17-76
104-->src/main/AndroidManifest.xml:43:27-73
105                <category android:name="android.intent.category.BROWSABLE" />
105-->src/main/AndroidManifest.xml:44:17-78
105-->src/main/AndroidManifest.xml:44:27-75
106
107                <data
107-->src/main/AndroidManifest.xml:45:17-88
108                    android:host="inovasidigital.page.link"
108-->src/main/AndroidManifest.xml:45:46-85
109                    android:scheme="https" />
109-->src/main/AndroidManifest.xml:45:23-45
110                <data android:scheme="http" />
110-->src/main/AndroidManifest.xml:45:17-88
110-->src/main/AndroidManifest.xml:45:23-45
111            </intent-filter>
112        </activity>
113        <!--
114             Don't delete the meta-data below.
115             This is used by the Flutter tool to generate GeneratedPluginRegistrant.java
116        -->
117        <meta-data
117-->src/main/AndroidManifest.xml:51:9-53:33
118            android:name="flutterEmbedding"
118-->src/main/AndroidManifest.xml:52:13-44
119            android:value="2" />
119-->src/main/AndroidManifest.xml:53:13-30
120
121        <!-- Branch init -->
122
123        <service
123-->[:firebase_messaging] AndroidManifest.xml:12:9-15:72
124            android:name="io.flutter.plugins.firebase.messaging.FlutterFirebaseMessagingBackgroundService"
124-->[:firebase_messaging] AndroidManifest.xml:13:13-107
125            android:exported="false"
125-->[:firebase_messaging] AndroidManifest.xml:14:13-37
126            android:permission="android.permission.BIND_JOB_SERVICE" />
126-->[:firebase_messaging] AndroidManifest.xml:15:13-69
127        <service
127-->[:firebase_messaging] AndroidManifest.xml:16:9-22:19
128            android:name="io.flutter.plugins.firebase.messaging.FlutterFirebaseMessagingService"
128-->[:firebase_messaging] AndroidManifest.xml:17:13-97
129            android:exported="false" >
129-->[:firebase_messaging] AndroidManifest.xml:18:13-37
130            <intent-filter>
130-->[:firebase_messaging] AndroidManifest.xml:19:13-21:29
131                <action android:name="com.google.firebase.MESSAGING_EVENT" />
131-->[:firebase_messaging] AndroidManifest.xml:20:17-78
131-->[:firebase_messaging] AndroidManifest.xml:20:25-75
132            </intent-filter>
133        </service>
134
135        <receiver
135-->[:firebase_messaging] AndroidManifest.xml:24:9-31:20
136            android:name="io.flutter.plugins.firebase.messaging.FlutterFirebaseMessagingReceiver"
136-->[:firebase_messaging] AndroidManifest.xml:25:13-98
137            android:exported="true"
137-->[:firebase_messaging] AndroidManifest.xml:26:13-36
138            android:permission="com.google.android.c2dm.permission.SEND" >
138-->[:firebase_messaging] AndroidManifest.xml:27:13-73
139            <intent-filter>
139-->[:firebase_messaging] AndroidManifest.xml:28:13-30:29
140                <action android:name="com.google.android.c2dm.intent.RECEIVE" />
140-->[:firebase_messaging] AndroidManifest.xml:29:17-81
140-->[:firebase_messaging] AndroidManifest.xml:29:25-78
141            </intent-filter>
142        </receiver>
143
144        <service
144-->[:firebase_messaging] AndroidManifest.xml:33:9-37:19
145            android:name="com.google.firebase.components.ComponentDiscoveryService"
145-->[:firebase_messaging] AndroidManifest.xml:33:18-89
146            android:directBootAware="true"
146-->[com.google.firebase:firebase-common:20.1.1] AndroidManifest.xml:35:13-43
147            android:exported="false" >
147-->[com.google.firebase:firebase-auth:21.0.5] AndroidManifest.xml:66:13-37
148            <meta-data
148-->[:firebase_messaging] AndroidManifest.xml:34:13-36:85
149                android:name="com.google.firebase.components:io.flutter.plugins.firebase.messaging.FlutterFirebaseAppRegistrar"
149-->[:firebase_messaging] AndroidManifest.xml:35:17-128
150                android:value="com.google.firebase.components.ComponentRegistrar" />
150-->[:firebase_messaging] AndroidManifest.xml:36:17-82
151            <meta-data
151-->[:firebase_core] AndroidManifest.xml:9:13-11:85
152                android:name="com.google.firebase.components:io.flutter.plugins.firebase.core.FlutterFirebaseCoreRegistrar"
152-->[:firebase_core] AndroidManifest.xml:10:17-124
153                android:value="com.google.firebase.components.ComponentRegistrar" />
153-->[:firebase_core] AndroidManifest.xml:11:17-82
154            <meta-data
154-->[:firebase_dynamic_links] AndroidManifest.xml:11:13-13:85
155                android:name="com.google.firebase.components:io.flutter.plugins.firebasedynamiclinks.FlutterFirebaseAppRegistrar"
155-->[:firebase_dynamic_links] AndroidManifest.xml:12:17-130
156                android:value="com.google.firebase.components.ComponentRegistrar" />
156-->[:firebase_dynamic_links] AndroidManifest.xml:13:17-82
157            <meta-data
157-->[com.google.firebase:firebase-auth:21.0.5] AndroidManifest.xml:67:13-69:85
158                android:name="com.google.firebase.components:com.google.firebase.auth.FirebaseAuthRegistrar"
158-->[com.google.firebase:firebase-auth:21.0.5] AndroidManifest.xml:68:17-109
159                android:value="com.google.firebase.components.ComponentRegistrar" />
159-->[com.google.firebase:firebase-auth:21.0.5] AndroidManifest.xml:69:17-82
160            <meta-data
160-->[com.google.firebase:firebase-iid:21.1.0] AndroidManifest.xml:32:13-34:85
161                android:name="com.google.firebase.components:com.google.firebase.iid.Registrar"
161-->[com.google.firebase:firebase-iid:21.1.0] AndroidManifest.xml:33:17-96
162                android:value="com.google.firebase.components.ComponentRegistrar" />
162-->[com.google.firebase:firebase-iid:21.1.0] AndroidManifest.xml:34:17-82
163            <meta-data
163-->[com.google.firebase:firebase-messaging:23.0.5] AndroidManifest.xml:55:13-57:85
164                android:name="com.google.firebase.components:com.google.firebase.messaging.FirebaseMessagingRegistrar"
164-->[com.google.firebase:firebase-messaging:23.0.5] AndroidManifest.xml:56:17-119
165                android:value="com.google.firebase.components.ComponentRegistrar" />
165-->[com.google.firebase:firebase-messaging:23.0.5] AndroidManifest.xml:57:17-82
166            <meta-data
166-->[com.google.firebase:firebase-datatransport:18.1.4] AndroidManifest.xml:28:13-30:85
167                android:name="com.google.firebase.components:com.google.firebase.datatransport.TransportRegistrar"
167-->[com.google.firebase:firebase-datatransport:18.1.4] AndroidManifest.xml:29:17-115
168                android:value="com.google.firebase.components.ComponentRegistrar" />
168-->[com.google.firebase:firebase-datatransport:18.1.4] AndroidManifest.xml:30:17-82
169            <meta-data
169-->[com.google.firebase:firebase-dynamic-links:21.0.1] AndroidManifest.xml:27:13-29:85
170                android:name="com.google.firebase.components:com.google.firebase.dynamiclinks.internal.FirebaseDynamicLinkRegistrar"
170-->[com.google.firebase:firebase-dynamic-links:21.0.1] AndroidManifest.xml:28:17-133
171                android:value="com.google.firebase.components.ComponentRegistrar" />
171-->[com.google.firebase:firebase-dynamic-links:21.0.1] AndroidManifest.xml:29:17-82
172            <meta-data
172-->[com.google.android.gms:play-services-measurement-api:21.0.0] AndroidManifest.xml:31:13-33:85
173                android:name="com.google.firebase.components:com.google.firebase.analytics.connector.internal.AnalyticsConnectorRegistrar"
173-->[com.google.android.gms:play-services-measurement-api:21.0.0] AndroidManifest.xml:32:17-139
174                android:value="com.google.firebase.components.ComponentRegistrar" />
174-->[com.google.android.gms:play-services-measurement-api:21.0.0] AndroidManifest.xml:33:17-82
175            <meta-data
175-->[com.google.firebase:firebase-installations:17.0.1] AndroidManifest.xml:18:13-20:85
176                android:name="com.google.firebase.components:com.google.firebase.installations.FirebaseInstallationsRegistrar"
176-->[com.google.firebase:firebase-installations:17.0.1] AndroidManifest.xml:19:17-127
177                android:value="com.google.firebase.components.ComponentRegistrar" />
177-->[com.google.firebase:firebase-installations:17.0.1] AndroidManifest.xml:20:17-82
178        </service>
179
180        <provider
180-->[:firebase_messaging] AndroidManifest.xml:39:9-43:38
181            android:name="io.flutter.plugins.firebase.messaging.FlutterFirebaseMessagingInitProvider"
181-->[:firebase_messaging] AndroidManifest.xml:40:13-102
182            android:authorities="com.edsy.school_apps.flutterfirebasemessaginginitprovider"
182-->[:firebase_messaging] AndroidManifest.xml:41:13-88
183            android:exported="false"
183-->[:firebase_messaging] AndroidManifest.xml:42:13-37
184            android:initOrder="99" />
184-->[:firebase_messaging] AndroidManifest.xml:43:13-35
185
186        <receiver android:name="com.dexterous.flutterlocalnotifications.ScheduledNotificationReceiver" />
186-->[:flutter_local_notifications] AndroidManifest.xml:12:9-106
186-->[:flutter_local_notifications] AndroidManifest.xml:12:19-103
187        <receiver android:name="com.dexterous.flutterlocalnotifications.ScheduledNotificationBootReceiver" >
187-->[:flutter_local_notifications] AndroidManifest.xml:13:9-20:20
187-->[:flutter_local_notifications] AndroidManifest.xml:13:19-107
188            <intent-filter>
188-->[:flutter_local_notifications] AndroidManifest.xml:14:13-19:29
189                <action android:name="android.intent.action.BOOT_COMPLETED" />
189-->[:flutter_local_notifications] AndroidManifest.xml:15:17-79
189-->[:flutter_local_notifications] AndroidManifest.xml:15:25-76
190                <action android:name="android.intent.action.MY_PACKAGE_REPLACED" />
190-->[:flutter_local_notifications] AndroidManifest.xml:16:17-84
190-->[:flutter_local_notifications] AndroidManifest.xml:16:25-81
191                <action android:name="android.intent.action.QUICKBOOT_POWERON" />
191-->[:flutter_local_notifications] AndroidManifest.xml:17:17-82
191-->[:flutter_local_notifications] AndroidManifest.xml:17:25-79
192                <action android:name="com.htc.intent.action.QUICKBOOT_POWERON" />
192-->[:flutter_local_notifications] AndroidManifest.xml:18:17-82
192-->[:flutter_local_notifications] AndroidManifest.xml:18:25-79
193            </intent-filter>
194        </receiver>
195
196        <activity
196-->[:flutter_inappwebview] AndroidManifest.xml:14:9-17:47
197            android:name="com.pichillilorenzo.flutter_inappwebview.in_app_browser.InAppBrowserActivity"
197-->[:flutter_inappwebview] AndroidManifest.xml:15:13-104
198            android:configChanges="orientation|keyboardHidden|keyboard|screenSize|locale|layoutDirection|fontScale|screenLayout|density"
198-->[:flutter_inappwebview] AndroidManifest.xml:16:13-137
199            android:theme="@style/AppTheme" />
199-->[:flutter_inappwebview] AndroidManifest.xml:17:13-44
200        <activity
200-->[:flutter_inappwebview] AndroidManifest.xml:18:9-20:55
201            android:name="com.pichillilorenzo.flutter_inappwebview.chrome_custom_tabs.ChromeCustomTabsActivity"
201-->[:flutter_inappwebview] AndroidManifest.xml:19:13-112
202            android:theme="@style/ThemeTransparent" />
202-->[:flutter_inappwebview] AndroidManifest.xml:20:13-52
203
204        <receiver android:name="com.pichillilorenzo.flutter_inappwebview.chrome_custom_tabs.ActionBroadcastReceiver" />
204-->[:flutter_inappwebview] AndroidManifest.xml:22:9-120
204-->[:flutter_inappwebview] AndroidManifest.xml:22:19-117
205
206        <meta-data
206-->[:flutter_inappwebview] AndroidManifest.xml:24:9-26:36
207            android:name="io.flutter.embedded_views_preview"
207-->[:flutter_inappwebview] AndroidManifest.xml:25:13-61
208            android:value="true" />
208-->[:flutter_inappwebview] AndroidManifest.xml:26:13-33
209
210        <activity
210-->[:url_launcher] AndroidManifest.xml:8:9-11:74
211            android:name="io.flutter.plugins.urllauncher.WebViewActivity"
211-->[:url_launcher] AndroidManifest.xml:9:13-74
212            android:exported="false"
212-->[:url_launcher] AndroidManifest.xml:10:13-37
213            android:theme="@android:style/Theme.NoTitleBar.Fullscreen" />
213-->[:url_launcher] AndroidManifest.xml:11:13-71
214
215        <uses-library
215-->[androidx.window:window:1.0.0-beta04] AndroidManifest.xml:25:9-27:40
216            android:name="androidx.window.extensions"
216-->[androidx.window:window:1.0.0-beta04] AndroidManifest.xml:26:13-54
217            android:required="false" />
217-->[androidx.window:window:1.0.0-beta04] AndroidManifest.xml:27:13-37
218        <uses-library
218-->[androidx.window:window:1.0.0-beta04] AndroidManifest.xml:28:9-30:40
219            android:name="androidx.window.sidecar"
219-->[androidx.window:window:1.0.0-beta04] AndroidManifest.xml:29:13-51
220            android:required="false" />
220-->[androidx.window:window:1.0.0-beta04] AndroidManifest.xml:30:13-37
221
222        <activity
222-->[com.google.firebase:firebase-auth:21.0.5] AndroidManifest.xml:27:9-44:20
223            android:name="com.google.firebase.auth.internal.GenericIdpActivity"
223-->[com.google.firebase:firebase-auth:21.0.5] AndroidManifest.xml:28:13-80
224            android:excludeFromRecents="true"
224-->[com.google.firebase:firebase-auth:21.0.5] AndroidManifest.xml:29:13-46
225            android:exported="true"
225-->[com.google.firebase:firebase-auth:21.0.5] AndroidManifest.xml:30:13-36
226            android:launchMode="singleTask"
226-->[com.google.firebase:firebase-auth:21.0.5] AndroidManifest.xml:31:13-44
227            android:theme="@android:style/Theme.Translucent.NoTitleBar" >
227-->[com.google.firebase:firebase-auth:21.0.5] AndroidManifest.xml:32:13-72
228            <intent-filter>
228-->[com.google.firebase:firebase-auth:21.0.5] AndroidManifest.xml:33:13-43:29
229                <action android:name="android.intent.action.VIEW" />
229-->src/main/AndroidManifest.xml:42:17-69
229-->src/main/AndroidManifest.xml:42:25-66
230
231                <category android:name="android.intent.category.DEFAULT" />
231-->src/main/AndroidManifest.xml:43:17-76
231-->src/main/AndroidManifest.xml:43:27-73
232                <category android:name="android.intent.category.BROWSABLE" />
232-->src/main/AndroidManifest.xml:44:17-78
232-->src/main/AndroidManifest.xml:44:27-75
233
234                <data
234-->src/main/AndroidManifest.xml:45:17-88
235                    android:host="firebase.auth"
235-->src/main/AndroidManifest.xml:45:46-85
236                    android:path="/"
237                    android:scheme="genericidp" />
237-->src/main/AndroidManifest.xml:45:23-45
238            </intent-filter>
239        </activity>
240        <activity
240-->[com.google.firebase:firebase-auth:21.0.5] AndroidManifest.xml:45:9-62:20
241            android:name="com.google.firebase.auth.internal.RecaptchaActivity"
241-->[com.google.firebase:firebase-auth:21.0.5] AndroidManifest.xml:46:13-79
242            android:excludeFromRecents="true"
242-->[com.google.firebase:firebase-auth:21.0.5] AndroidManifest.xml:47:13-46
243            android:exported="true"
243-->[com.google.firebase:firebase-auth:21.0.5] AndroidManifest.xml:48:13-36
244            android:launchMode="singleTask"
244-->[com.google.firebase:firebase-auth:21.0.5] AndroidManifest.xml:49:13-44
245            android:theme="@android:style/Theme.Translucent.NoTitleBar" >
245-->[com.google.firebase:firebase-auth:21.0.5] AndroidManifest.xml:50:13-72
246            <intent-filter>
246-->[com.google.firebase:firebase-auth:21.0.5] AndroidManifest.xml:51:13-61:29
247                <action android:name="android.intent.action.VIEW" />
247-->src/main/AndroidManifest.xml:42:17-69
247-->src/main/AndroidManifest.xml:42:25-66
248
249                <category android:name="android.intent.category.DEFAULT" />
249-->src/main/AndroidManifest.xml:43:17-76
249-->src/main/AndroidManifest.xml:43:27-73
250                <category android:name="android.intent.category.BROWSABLE" />
250-->src/main/AndroidManifest.xml:44:17-78
250-->src/main/AndroidManifest.xml:44:27-75
251
252                <data
252-->src/main/AndroidManifest.xml:45:17-88
253                    android:host="firebase.auth"
253-->src/main/AndroidManifest.xml:45:46-85
254                    android:path="/"
255                    android:scheme="recaptcha" />
255-->src/main/AndroidManifest.xml:45:23-45
256            </intent-filter>
257        </activity>
258
259        <receiver
259-->[com.google.firebase:firebase-messaging:23.0.5] AndroidManifest.xml:31:9-38:20
260            android:name="com.google.firebase.iid.FirebaseInstanceIdReceiver"
260-->[com.google.firebase:firebase-messaging:23.0.5] AndroidManifest.xml:32:13-78
261            android:exported="true"
261-->[com.google.firebase:firebase-messaging:23.0.5] AndroidManifest.xml:33:13-36
262            android:permission="com.google.android.c2dm.permission.SEND" >
262-->[com.google.firebase:firebase-messaging:23.0.5] AndroidManifest.xml:34:13-73
263            <intent-filter>
263-->[:firebase_messaging] AndroidManifest.xml:28:13-30:29
264                <action android:name="com.google.android.c2dm.intent.RECEIVE" />
264-->[:firebase_messaging] AndroidManifest.xml:29:17-81
264-->[:firebase_messaging] AndroidManifest.xml:29:25-78
265            </intent-filter>
266        </receiver>
267        <!--
268             FirebaseMessagingService performs security checks at runtime,
269             but set to not exported to explicitly avoid allowing another app to call it.
270        -->
271        <service
271-->[com.google.firebase:firebase-messaging:23.0.5] AndroidManifest.xml:44:9-51:19
272            android:name="com.google.firebase.messaging.FirebaseMessagingService"
272-->[com.google.firebase:firebase-messaging:23.0.5] AndroidManifest.xml:45:13-82
273            android:directBootAware="true"
273-->[com.google.firebase:firebase-messaging:23.0.5] AndroidManifest.xml:46:13-43
274            android:exported="false" >
274-->[com.google.firebase:firebase-messaging:23.0.5] AndroidManifest.xml:47:13-37
275            <intent-filter android:priority="-500" >
275-->[:firebase_messaging] AndroidManifest.xml:19:13-21:29
276                <action android:name="com.google.firebase.MESSAGING_EVENT" />
276-->[:firebase_messaging] AndroidManifest.xml:20:17-78
276-->[:firebase_messaging] AndroidManifest.xml:20:25-75
277            </intent-filter>
278        </service>
279        <service
279-->[com.google.android.datatransport:transport-backend-cct:3.1.5] AndroidManifest.xml:29:9-35:19
280            android:name="com.google.android.datatransport.runtime.backends.TransportBackendDiscovery"
280-->[com.google.android.datatransport:transport-backend-cct:3.1.5] AndroidManifest.xml:30:13-103
281            android:exported="false" >
281-->[com.google.android.datatransport:transport-backend-cct:3.1.5] AndroidManifest.xml:31:13-37
282            <meta-data
282-->[com.google.android.datatransport:transport-backend-cct:3.1.5] AndroidManifest.xml:32:13-34:39
283                android:name="backend:com.google.android.datatransport.cct.CctBackendFactory"
283-->[com.google.android.datatransport:transport-backend-cct:3.1.5] AndroidManifest.xml:33:17-94
284                android:value="cct" />
284-->[com.google.android.datatransport:transport-backend-cct:3.1.5] AndroidManifest.xml:34:17-36
285        </service>
286        <service
286-->[com.google.android.datatransport:transport-runtime:3.1.5] AndroidManifest.xml:26:9-30:19
287            android:name="com.google.android.datatransport.runtime.scheduling.jobscheduling.JobInfoSchedulerService"
287-->[com.google.android.datatransport:transport-runtime:3.1.5] AndroidManifest.xml:27:13-117
288            android:exported="false"
288-->[com.google.android.datatransport:transport-runtime:3.1.5] AndroidManifest.xml:28:13-37
289            android:permission="android.permission.BIND_JOB_SERVICE" >
289-->[com.google.android.datatransport:transport-runtime:3.1.5] AndroidManifest.xml:29:13-69
290        </service>
291
292        <receiver
292-->[com.google.android.datatransport:transport-runtime:3.1.5] AndroidManifest.xml:32:9-34:40
293            android:name="com.google.android.datatransport.runtime.scheduling.jobscheduling.AlarmManagerSchedulerBroadcastReceiver"
293-->[com.google.android.datatransport:transport-runtime:3.1.5] AndroidManifest.xml:33:13-132
294            android:exported="false" />
294-->[com.google.android.datatransport:transport-runtime:3.1.5] AndroidManifest.xml:34:13-37
295
296        <provider
296-->[com.google.firebase:firebase-common:20.1.1] AndroidManifest.xml:26:9-31:39
297            android:name="com.google.firebase.provider.FirebaseInitProvider"